Arguments: 
  /home/human/.nvm/versions/node/v14.18.0/bin/node /home/human/.nvm/versions/node/v14.18.0/bin/yarn add preact preact-compat

PATH: 
  /home/human/anaconda3/bin:/home/human/anaconda3/condabin:/home/human/.nvm/versions/node/v14.18.0/bin:/home/human/.local/bin:/usr/local/sbin:/usr/local/bin:/usr/sbin:/usr/bin:/sbin:/bin:/usr/games:/usr/local/games:/snap/bin:/snap/bin

Yarn version: 
  1.22.15

Node version: 
  14.18.0

Platform: 
  linux x64

Trace: 
  Error: ENOENT: no such file or directory, open '/home/human/.cache/yarn/v6/npm-@next-swc-linux-x64-gnu-12.3.1-c66468f5e8181ffb096c537f0dbfb589baa6a9c1-integrity/node_modules/@next/swc-linux-x64-gnu/.yarn-metadata.json'

npm manifest: 
  {
    "name": "3rdparty",
    "version": "1.0.0",
    "description": "Website for our marketing agency (Islam Yehia & Mohamed Yehia)",
    "main": "index.js",
    "private": "true",
    "scripts": {
      "dev": "next dev",
      "build": "next build",
      "start": "next start",
      "lint": "next lint"
    },
    "author": "Islam Yehia",
    "license": "ISC",
    "dependencies": {
      "@babel/core": "^7.19.0",
      "@babel/preset-env": "^7.19.0",
      "@babel/preset-react": "^7.18.6",
      "babel-loader": "^8.2.5",
      "clean-webpack-plugin": "^3.0.0",
      "css-loader": "^4.3.0",
      "esm": "^3.2.25",
      "extract-css-chunks-webpack-plugin": "^4.7.5",
      "file-loader": "^6.1.0",
      "gsap": "^3.11.1",
      "html-loader": "^1.3.2",
      "html-webpack-plugin": "^4.5.2",
      "jquery": "^3.5.1",
      "locomotive-scroll": "^3.6.1",
      "mini-css-extract-plugin": "^1.0.0",
      "next": "^12.3.0",
      "react": "^18.2.0",
      "react-dom": "^18.2.0",
      "regenerator-runtime": "^0.13.9",
      "resolve-url-loader": "^3.1.1",
      "sass": "^1.54.9",
      "sass-loader": "^10.3.1",
      "style-loader": "^1.3.0",
      "webpack": "^4.46.0",
      "webpack-cli": "^3.3.12",
      "webpack-dev-server": "^3.11.3"
    },
    "devDependencies": {
      "copy-webpack-plugin": "^6.2.1",
      "url-loader": "^4.1.1"
    }
  }

yarn manifest: 
  No manifest

Lockfile: 
  No lockfile
